生成启动时间为 2016/3/14 16:49:34。
     1>项目“D:\HuaWei\HuaWeiContest\HuaWeiContest\HuaWeiContest.vcxproj”在节点 2 上(build 个目标)。
     1>InitializeBuildStatus:
         正在对“Debug\HuaWeiContest.unsuccessfulbuild”执行 Touch 任务。
       ClCompile:
         C:\Program Files (x86)\Microsoft Visual Studio 10.0\VC\bin\CL.exe /c /ZI /nologo /W3 /WX- /Od /Oy- /D WIN32 /D _DEBUG /D _CONSOLE /D _UNICODE /D UNICODE /Gm /EHsc /RTC1 /MDd /GS /fp:precise /Zc:wchar_t /Zc:forScope /Fo"Debug\\" /Fd"Debug\vc100.pdb" /Gd /TP /analyze- /errorReport:prompt Dijkstra.cpp main.cpp
         main.cpp
         Dijkstra.cpp
     1>d:\huawei\huaweicontest\huaweicontest\dijkstra.cpp(7): error C2065: “MAXUNM”: 未声明的标识符
     1>d:\huawei\huaweicontest\huaweicontest\dijkstra.cpp(24): error C3872: “0x3000”: 此字符不允许在标识符中使用
     1>d:\huawei\huaweicontest\huaweicontest\dijkstra.cpp(24): error C3872: “0x3000”: 此字符不允许在标识符中使用
     1>d:\huawei\huaweicontest\huaweicontest\dijkstra.cpp(25): error C2065: “　　”: 未声明的标识符
     1>d:\huawei\huaweicontest\huaweicontest\dijkstra.cpp(25): error C2143: 语法错误 : 缺少“;”(在“for”的前面)
     1>d:\huawei\huaweicontest\huaweicontest\dijkstra.cpp(28): error C3872: “0x3000”: 此字符不允许在标识符中使用
     1>d:\huawei\huaweicontest\huaweicontest\dijkstra.cpp(28): error C3872: “0x3000”: 此字符不允许在标识符中使用
     1>d:\huawei\huaweicontest\huaweicontest\dijkstra.cpp(29): error C2065: “　　”: 未声明的标识符
     1>d:\huawei\huaweicontest\huaweicontest\dijkstra.cpp(29): error C2143: 语法错误 : 缺少“;”(在“for”的前面)
         正在生成代码...
     1>已完成生成项目“D:\HuaWei\HuaWeiContest\HuaWeiContest\HuaWeiContest.vcxproj”(build 个目标)的操作 - 失败。

生成失败。

已用时间 00:00:00.31
